<?xml version="1.0" encoding="UTF-8"?>
<!-- Generated by org.testng.reporters.JUnitReportReporter -->
<testsuite hostname="DESKTOP-BFHC71D" failures="0" tests="1" name="com.automation.test.Google_email_login_test" time="26.863" errors="0" timestamp="2022-05-01T16:08:42 IST" skipped="0">
  <testcase classname="com.automation.test.Google_email_login_test" name="google_email_login_test" time="26.863"/>
  <system-out/>
</testsuite> <!-- com.automation.test.Google_email_login_test -->
