<?xml version="1.0" encoding="UTF-8"?>
<!-- Generated by org.testng.reporters.JUnitReportReporter -->
<testsuite hostname="DESKTOP-BFHC71D" failures="0" tests="1" name="com.automation1.auto1.Auto1ApplicationTests" time="14.999" errors="0" timestamp="2022-05-01T13:31:16 IST" skipped="0">
  <testcase classname="com.automation1.auto1.Auto1ApplicationTests" name="contextLoads" time="14.999"/>
  <system-out/>
</testsuite> <!-- com.automation1.auto1.Auto1ApplicationTests -->
